<?xml version="1.0" encoding="UTF-8"?>
<coverage generated="1739613001101" clover="3.2.0">
  <project timestamp="1739613001101" name="All files">
    <metrics statements="25" coveredstatements="24" conditionals="17" coveredconditionals="11" methods="5" coveredmethods="5" elements="47" coveredelements="40" complexity="0" loc="25" ncloc="25" packages="1" files="4" classes="4"/>
    <file name="asyncWrapper.js" path="/Users/vishwanathanv/Projects/universal-error-handler/src/asyncWrapper.js">
      <metrics statements="3" coveredstatements="3" conditionals="0" coveredconditionals="0" methods="2" coveredmethods="2"/>
      <line num="1" count="1" type="stmt"/>
      <line num="2" count="1" type="stmt"/>
      <line num="5" count="1" type="stmt"/>
    </file>
    <file name="customError.js" path="/Users/vishwanathanv/Projects/universal-error-handler/src/customError.js">
      <metrics statements="4" coveredstatements="4" conditionals="1" coveredconditionals="0" methods="1" coveredmethods="1"/>
      <line num="3" count="1" type="stmt"/>
      <line num="4" count="1" type="stmt"/>
      <line num="5" count="1" type="stmt"/>
      <line num="9" count="1" type="stmt"/>
    </file>
    <file name="errorHandler.js" path="/Users/vishwanathanv/Projects/universal-error-handler/src/errorHandler.js">
      <metrics statements="15" coveredstatements="14" conditionals="16" coveredconditionals="11" methods="2" coveredmethods="2"/>
      <line num="1" count="1" type="cond" truecount="1" falsecount="0"/>
      <line num="6" count="1" type="stmt"/>
      <line num="8" count="1" type="stmt"/>
      <line num="9" count="3" type="cond" truecount="1" falsecount="1"/>
      <line num="10" count="3" type="stmt"/>
      <line num="11" count="3" type="cond" truecount="1" falsecount="1"/>
      <line num="12" count="3" type="stmt"/>
      <line num="16" count="3" type="cond" truecount="2" falsecount="0"/>
      <line num="17" count="3" type="stmt"/>
      <line num="23" count="3" type="cond" truecount="1" falsecount="1"/>
      <line num="24" count="3" type="stmt"/>
      <line num="28" count="3" type="cond" truecount="1" falsecount="1"/>
      <line num="29" count="3" type="stmt"/>
      <line num="31" count="0" type="stmt"/>
      <line num="36" count="1" type="stmt"/>
    </file>
    <file name="index.js" path="/Users/vishwanathanv/Projects/universal-error-handler/src/index.js">
      <metrics statements="3" coveredstatements="3" conditionals="0" coveredconditionals="0" methods="0" coveredmethods="0"/>
      <line num="1" count="1" type="stmt"/>
      <line num="2" count="1" type="stmt"/>
      <line num="4" count="1" type="stmt"/>
    </file>
  </project>
</coverage>
