{"/Users/vishwanathanv/Projects/universal-error-handler/src/customError.js": {"path":"/Users/vishwanathanv/Projects/universal-error-handler/src/customError.js","statementMap":{"0":{"start":{"line":3,"column":8},"end":{"line":3,"column":23}},"1":{"start":{"line":4,"column":8},"end":{"line":4,"column":37}},"2":{"start":{"line":5,"column":8},"end":{"line":5,"column":56}},"3":{"start":{"line":9,"column":0},"end":{"line":9,"column":29}}},"fnMap":{"0":{"name":"(anonymous_0)","decl":{"start":{"line":2,"column":4},"end":{"line":2,"column":5}},"loc":{"start":{"line":2,"column":43},"end":{"line":6,"column":5}},"line":2}},"branchMap":{"0":{"loc":{"start":{"line":2,"column":25},"end":{"line":2,"column":41}},"type":"default-arg","locations":[{"start":{"line":2,"column":38},"end":{"line":2,"column":41}}],"line":2}},"s":{"0":1,"1":1,"2":1,"3":1},"f":{"0":1},"b":{"0":[0]},"_coverageSchema":"1a1c01bbd47fc00a2c39e90264f33305004495a9","hash":"da6a18eaf9aa0646d54ef7b27c2d260970efb72d"}
,"/Users/vishwanathanv/Projects/universal-error-handler/src/errorHandler.js": {"path":"/Users/vishwanathanv/Projects/universal-error-handler/src/errorHandler.js","statementMap":{"0":{"start":{"line":1,"column":21},"end":{"line":29,"column":1}},"1":{"start":{"line":6,"column":8},"end":{"line":6,"column":15}},"2":{"start":{"line":8,"column":4},"end":{"line":28,"column":6}},"3":{"start":{"line":9,"column":8},"end":{"line":14,"column":9}},"4":{"start":{"line":10,"column":12},"end":{"line":10,"column":52}},"5":{"start":{"line":11,"column":12},"end":{"line":13,"column":13}},"6":{"start":{"line":12,"column":16},"end":{"line":12,"column":41}},"7":{"start":{"line":16,"column":27},"end":{"line":16,"column":48}},"8":{"start":{"line":17,"column":25},"end":{"line":21,"column":9}},"9":{"start":{"line":23,"column":8},"end":{"line":25,"column":9}},"10":{"start":{"line":24,"column":12},"end":{"line":24,"column":39}},"11":{"start":{"line":27,"column":8},"end":{"line":27,"column":46}},"12":{"start":{"line":31,"column":0},"end":{"line":31,"column":30}}},"fnMap":{"0":{"name":"(anonymous_0)","decl":{"start":{"line":1,"column":21},"end":{"line":1,"column":22}},"loc":{"start":{"line":1,"column":39},"end":{"line":29,"column":1}},"line":1},"1":{"name":"(anonymous_1)","decl":{"start":{"line":8,"column":11},"end":{"line":8,"column":12}},"loc":{"start":{"line":8,"column":36},"end":{"line":28,"column":5}},"line":8}},"branchMap":{"0":{"loc":{"start":{"line":1,"column":22},"end":{"line":1,"column":34}},"type":"default-arg","locations":[{"start":{"line":1,"column":32},"end":{"line":1,"column":34}}],"line":1},"1":{"loc":{"start":{"line":3,"column":8},"end":{"line":3,"column":24}},"type":"default-arg","locations":[{"start":{"line":3,"column":20},"end":{"line":3,"column":24}}],"line":3},"2":{"loc":{"start":{"line":4,"column":8},"end":{"line":4,"column":62}},"type":"default-arg","locations":[{"start":{"line":4,"column":25},"end":{"line":4,"column":62}}],"line":4},"3":{"loc":{"start":{"line":5,"column":8},"end":{"line":5,"column":52}},"type":"default-arg","locations":[{"start":{"line":5,"column":25},"end":{"line":5,"column":52}}],"line":5},"4":{"loc":{"start":{"line":9,"column":8},"end":{"line":14,"column":9}},"type":"if","locations":[{"start":{"line":9,"column":8},"end":{"line":14,"column":9}},{"start":{},"end":{}}],"line":9},"5":{"loc":{"start":{"line":11,"column":12},"end":{"line":13,"column":13}},"type":"if","locations":[{"start":{"line":11,"column":12},"end":{"line":13,"column":13}},{"start":{},"end":{}}],"line":11},"6":{"loc":{"start":{"line":16,"column":27},"end":{"line":16,"column":48}},"type":"binary-expr","locations":[{"start":{"line":16,"column":27},"end":{"line":16,"column":41}},{"start":{"line":16,"column":45},"end":{"line":16,"column":48}}],"line":16},"7":{"loc":{"start":{"line":19,"column":21},"end":{"line":19,"column":50}},"type":"binary-expr","locations":[{"start":{"line":19,"column":21},"end":{"line":19,"column":32}},{"start":{"line":19,"column":36},"end":{"line":19,"column":50}}],"line":19},"8":{"loc":{"start":{"line":23,"column":8},"end":{"line":25,"column":9}},"type":"if","locations":[{"start":{"line":23,"column":8},"end":{"line":25,"column":9}},{"start":{},"end":{}}],"line":23}},"s":{"0":1,"1":1,"2":1,"3":2,"4":2,"5":2,"6":2,"7":2,"8":2,"9":2,"10":2,"11":2,"12":1},"f":{"0":1,"1":2},"b":{"0":[1],"1":[1],"2":[1],"3":[1],"4":[2,0],"5":[2,0],"6":[2,1],"7":[2,0],"8":[2,0]},"_coverageSchema":"1a1c01bbd47fc00a2c39e90264f33305004495a9","hash":"aacf22d2146407af75b5aa28af72be901c01b29f"}
,"/Users/vishwanathanv/Projects/universal-error-handler/src/index.js": {"path":"/Users/vishwanathanv/Projects/universal-error-handler/src/index.js","statementMap":{"0":{"start":{"line":1,"column":21},"end":{"line":1,"column":46}},"1":{"start":{"line":2,"column":20},"end":{"line":2,"column":44}},"2":{"start":{"line":4,"column":0},"end":{"line":7,"column":2}}},"fnMap":{},"branchMap":{},"s":{"0":1,"1":1,"2":1},"f":{},"b":{},"_coverageSchema":"1a1c01bbd47fc00a2c39e90264f33305004495a9","hash":"a85d7dde972a7147f7fd0062dc378ccf3ad22b3c"}
}
