TN:
SF:src/asyncWrapper.js
FN:1,(anonymous_0)
FN:1,(anonymous_1)
FNF:2
FNH:2
FNDA:1,(anonymous_0)
FNDA:1,(anonymous_1)
DA:1,1
DA:2,1
DA:5,1
LF:3
LH:3
BRF:0
BRH:0
end_of_record
TN:
SF:src/customError.js
FN:2,(anonymous_0)
FNF:1
FNH:1
FNDA:1,(anonymous_0)
DA:3,1
DA:4,1
DA:5,1
DA:9,1
LF:4
LH:4
BRDA:2,0,0,0
BRF:1
BRH:0
end_of_record
TN:
SF:src/errorHandler.js
FN:1,(anonymous_0)
FN:8,(anonymous_1)
FNF:2
FNH:2
FNDA:1,(anonymous_0)
FNDA:3,(anonymous_1)
DA:1,1
DA:6,1
DA:8,1
DA:9,3
DA:10,3
DA:11,3
DA:12,3
DA:16,3
DA:17,3
DA:23,3
DA:24,3
DA:28,3
DA:29,3
DA:31,0
DA:36,1
LF:15
LH:14
BRDA:1,0,0,1
BRDA:3,1,0,1
BRDA:4,2,0,1
BRDA:5,3,0,1
BRDA:9,4,0,3
BRDA:9,4,1,0
BRDA:11,5,0,3
BRDA:11,5,1,0
BRDA:16,6,0,3
BRDA:16,6,1,2
BRDA:19,7,0,3
BRDA:19,7,1,0
BRDA:23,8,0,3
BRDA:23,8,1,0
BRDA:28,9,0,3
BRDA:28,9,1,0
BRF:16
BRH:11
end_of_record
TN:
SF:src/index.js
FNF:0
FNH:0
DA:1,1
DA:2,1
DA:4,1
LF:3
LH:3
BRF:0
BRH:0
end_of_record
