TN:
SF:src/customError.js
FN:2,(anonymous_0)
FNF:1
FNH:1
FNDA:1,(anonymous_0)
DA:3,1
DA:4,1
DA:5,1
DA:9,1
LF:4
LH:4
BRDA:2,0,0,0
BRF:1
BRH:0
end_of_record
TN:
SF:src/errorHandler.js
FN:1,(anonymous_0)
FN:8,(anonymous_1)
FNF:2
FNH:2
FNDA:1,(anonymous_0)
FNDA:2,(anonymous_1)
DA:1,1
DA:6,1
DA:8,1
DA:9,2
DA:10,2
DA:11,2
DA:12,2
DA:16,2
DA:17,2
DA:23,2
DA:24,2
DA:27,2
DA:31,1
LF:13
LH:13
BRDA:1,0,0,1
BRDA:3,1,0,1
BRDA:4,2,0,1
BRDA:5,3,0,1
BRDA:9,4,0,2
BRDA:9,4,1,0
BRDA:11,5,0,2
BRDA:11,5,1,0
BRDA:16,6,0,2
BRDA:16,6,1,1
BRDA:19,7,0,2
BRDA:19,7,1,0
BRDA:23,8,0,2
BRDA:23,8,1,0
BRF:14
BRH:10
end_of_record
TN:
SF:src/index.js
FNF:0
FNH:0
DA:1,1
DA:2,1
DA:4,1
LF:3
LH:3
BRF:0
BRH:0
end_of_record
